2025-01-06T18:17:51.054+05:30  INFO 24064 --- [PatientManagementSystem] [restartedMain] c.e.P.PatientManagementSystemApplication : Starting PatientManagementSystemApplication using Java 23.0.1 with PID 24064 (C:\Users\Hrishikesh Rana\Downloads\Patient_Management_System\Patient_Management_System\target\classes started by Hrishikesh Rana in C:\Users\Hrishikesh Rana\Downloads\Patient_Management_System\Patient_Management_System)
2025-01-06T18:17:51.057+05:30 DEBUG 24064 --- [PatientManagementSystem] [restartedMain] c.e.P.PatientManagementSystemApplication : Running with Spring Boot v3.4.0, Spring v6.2.0
2025-01-06T18:17:51.058+05:30  INFO 24064 --- [PatientManagementSystem] [restartedMain] c.e.P.PatientManagementSystemApplication : No active profile set, falling back to 1 default profile: "default"
2025-01-06T18:17:51.215+05:30  INFO 24064 --- [PatientManagementSystem] [restartedMain] .e.DevToolsPropertyDefaultsPostProcessor : Devtools property defaults active! Set 'spring.devtools.add-properties' to 'false' to disable
2025-01-06T18:17:51.216+05:30  INFO 24064 --- [PatientManagementSystem] [restartedMain] .e.DevToolsPropertyDefaultsPostProcessor : For additional web related logging consider setting the 'logging.level.web' property to 'DEBUG'
2025-01-06T18:17:52.746+05:30  INFO 24064 --- [PatientManagementSystem] [restartedMain] .s.d.r.c.RepositoryConfigurationDelegate : Bootstrapping Spring Data JPA repositories in DEFAULT mode.
2025-01-06T18:17:52.912+05:30  INFO 24064 --- [PatientManagementSystem] [restartedMain] .s.d.r.c.RepositoryConfigurationDelegate : Finished Spring Data repository scanning in 144 ms. Found 5 JPA repository interfaces.
2025-01-06T18:17:54.198+05:30  INFO 24064 --- [PatientManagementSystem] [restartedMain] o.s.b.w.embedded.tomcat.TomcatWebServer  : Tomcat initialized with port 5000 (http)
2025-01-06T18:17:54.230+05:30  INFO 24064 --- [PatientManagementSystem] [restartedMain] o.apache.catalina.core.StandardService   : Starting service [Tomcat]
2025-01-06T18:17:54.231+05:30  INFO 24064 --- [PatientManagementSystem] [restartedMain] o.apache.catalina.core.StandardEngine    : Starting Servlet engine: [Apache Tomcat/10.1.33]
2025-01-06T18:17:54.346+05:30  INFO 24064 --- [PatientManagementSystem] [restartedMain] o.a.c.c.C.[Tomcat].[localhost].[/]       : Initializing Spring embedded WebApplicationContext
2025-01-06T18:17:54.346+05:30  INFO 24064 --- [PatientManagementSystem] [restartedMain] w.s.c.ServletWebServerApplicationContext : Root WebApplicationContext: initialization completed in 3129 ms
2025-01-06T18:17:54.682+05:30  INFO 24064 --- [PatientManagementSystem] [restartedMain] o.hibernate.jpa.internal.util.LogHelper  : HHH000204: Processing PersistenceUnitInfo [name: default]
2025-01-06T18:17:54.836+05:30  INFO 24064 --- [PatientManagementSystem] [restartedMain] org.hibernate.Version                    : HHH000412: Hibernate ORM core version 6.6.2.Final
2025-01-06T18:17:54.917+05:30  INFO 24064 --- [PatientManagementSystem] [restartedMain] o.h.c.internal.RegionFactoryInitiator    : HHH000026: Second-level cache disabled
2025-01-06T18:17:55.605+05:30  INFO 24064 --- [PatientManagementSystem] [restartedMain] o.s.o.j.p.SpringPersistenceUnitInfo      : No LoadTimeWeaver setup: ignoring JPA class transformer
2025-01-06T18:17:55.674+05:30  INFO 24064 --- [PatientManagementSystem] [restartedMain] com.zaxxer.hikari.HikariDataSource       : HikariPool-1 - Starting...
2025-01-06T18:17:56.141+05:30  INFO 24064 --- [PatientManagementSystem] [restartedMain] com.zaxxer.hikari.pool.HikariPool        : HikariPool-1 - Added connection org.postgresql.jdbc.PgConnection@783e1064
2025-01-06T18:17:56.144+05:30  INFO 24064 --- [PatientManagementSystem] [restartedMain] com.zaxxer.hikari.HikariDataSource       : HikariPool-1 - Start completed.
2025-01-06T18:17:56.247+05:30  WARN 24064 --- [PatientManagementSystem] [restartedMain] org.hibernate.orm.deprecation            : HHH90000025: PostgreSQLDialect does not need to be specified explicitly using 'hibernate.dialect' (remove the property setting and it will be selected by default)
2025-01-06T18:17:56.300+05:30  INFO 24064 --- [PatientManagementSystem] [restartedMain] org.hibernate.orm.connections.pooling    : HHH10001005: Database info:
	Database JDBC URL [Connecting through datasource 'HikariDataSource (HikariPool-1)']
	Database driver: undefined/unknown
	Database version: 17.2
	Autocommit mode: undefined/unknown
	Isolation level: undefined/unknown
	Minimum pool size: undefined/unknown
	Maximum pool size: undefined/unknown
2025-01-06T18:17:58.312+05:30  INFO 24064 --- [PatientManagementSystem] [restartedMain] o.h.e.t.j.p.i.JtaPlatformInitiator       : HHH000489: No JTA platform available (set 'hibernate.transaction.jta.platform' to enable JTA platform integration)
2025-01-06T18:17:58.600+05:30  INFO 24064 --- [PatientManagementSystem] [restartedMain] j.LocalContainerEntityManagerFactoryBean : Initialized JPA EntityManagerFactory for persistence unit 'default'
2025-01-06T18:17:59.415+05:30  WARN 24064 --- [PatientManagementSystem] [restartedMain] JpaBaseConfiguration$JpaWebConfiguration : spring.jpa.open-in-view is enabled by default. Therefore, database queries may be performed during view rendering. Explicitly configure spring.jpa.open-in-view to disable this warning
2025-01-06T18:18:00.101+05:30  INFO 24064 --- [PatientManagementSystem] [restartedMain] o.s.b.d.a.OptionalLiveReloadServer       : LiveReload server is running on port 35729
2025-01-06T18:18:00.164+05:30  INFO 24064 --- [PatientManagementSystem] [restartedMain] o.s.b.w.embedded.tomcat.TomcatWebServer  : Tomcat started on port 5000 (http) with context path '/'
2025-01-06T18:18:00.180+05:30  INFO 24064 --- [PatientManagementSystem] [restartedMain] c.e.P.PatientManagementSystemApplication : Started PatientManagementSystemApplication in 10.237 seconds (process running for 11.434)
2025-01-06T18:18:09.814+05:30  INFO 24064 --- [PatientManagementSystem] [http-nio-5000-exec-3] o.a.c.c.C.[Tomcat].[localhost].[/]       : Initializing Spring DispatcherServlet 'dispatcherServlet'
2025-01-06T18:18:09.815+05:30  INFO 24064 --- [PatientManagementSystem] [http-nio-5000-exec-3] o.s.web.servlet.DispatcherServlet        : Initializing Servlet 'dispatcherServlet'
2025-01-06T18:18:09.817+05:30  INFO 24064 --- [PatientManagementSystem] [http-nio-5000-exec-3] o.s.web.servlet.DispatcherServlet        : Completed initialization in 2 ms
2025-01-06T18:18:09.921+05:30  INFO 24064 --- [PatientManagementSystem] [http-nio-5000-exec-3] c.e.P.controller.AppointmentController   : Fetching all appointments
2025-01-06T18:18:09.921+05:30  INFO 24064 --- [PatientManagementSystem] [http-nio-5000-exec-3] c.e.P.service.AppointmentService         : Fetching all appointments
2025-01-06T18:18:10.548+05:30  WARN 24064 --- [PatientManagementSystem] [http-nio-5000-exec-3] ration$PageModule$WarningLoggingModifier : Serializing PageImpl instances as-is is not supported, meaning that there is no guarantee about the stability of the resulting JSON structure!
	For a stable JSON structure, please use Spring Data's PagedModel (globally via @EnableSpringDataWebSupport(pageSerializationMode = VIA_DTO))
	or Spring HATEOAS and Spring Data's PagedResourcesAssembler as documented in https://docs.spring.io/spring-data/commons/reference/repositories/core-extensions.html#core.web.pageables.

2025-01-06T18:20:03.935+05:30  INFO 24064 --- [PatientManagementSystem] [SpringApplicationShutdownHook] o.s.b.w.e.tomcat.GracefulShutdown        : Commencing graceful shutdown. Waiting for active requests to complete
2025-01-06T18:20:03.959+05:30  INFO 24064 --- [PatientManagementSystem] [tomcat-shutdown] o.s.b.w.e.tomcat.GracefulShutdown        : Graceful shutdown complete
2025-01-06T18:20:03.980+05:30  INFO 24064 --- [PatientManagementSystem] [SpringApplicationShutdownHook] j.LocalContainerEntityManagerFactoryBean : Closing JPA EntityManagerFactory for persistence unit 'default'
2025-01-06T18:20:04.004+05:30  INFO 24064 --- [PatientManagementSystem] [SpringApplicationShutdownHook] com.zaxxer.hikari.HikariDataSource       : HikariPool-1 - Shutdown initiated...
2025-01-06T18:20:04.015+05:30  INFO 24064 --- [PatientManagementSystem] [SpringApplicationShutdownHook] com.zaxxer.hikari.HikariDataSource       : HikariPool-1 - Shutdown completed.
2025-01-06T18:20:26.819+05:30  INFO 32632 --- [PatientManagementSystem] [restartedMain] c.e.P.PatientManagementSystemApplication : Starting PatientManagementSystemApplication using Java 23.0.1 with PID 32632 (C:\Users\Hrishikesh Rana\Downloads\Patient_Management_System\Patient_Management_System\target\classes started by Hrishikesh Rana in C:\Users\Hrishikesh Rana\Downloads\Patient_Management_System\Patient_Management_System)
2025-01-06T18:20:26.822+05:30 DEBUG 32632 --- [PatientManagementSystem] [restartedMain] c.e.P.PatientManagementSystemApplication : Running with Spring Boot v3.4.0, Spring v6.2.0
2025-01-06T18:20:26.824+05:30  INFO 32632 --- [PatientManagementSystem] [restartedMain] c.e.P.PatientManagementSystemApplication : No active profile set, falling back to 1 default profile: "default"
2025-01-06T18:20:26.964+05:30  INFO 32632 --- [PatientManagementSystem] [restartedMain] .e.DevToolsPropertyDefaultsPostProcessor : Devtools property defaults active! Set 'spring.devtools.add-properties' to 'false' to disable
2025-01-06T18:20:26.965+05:30  INFO 32632 --- [PatientManagementSystem] [restartedMain] .e.DevToolsPropertyDefaultsPostProcessor : For additional web related logging consider setting the 'logging.level.web' property to 'DEBUG'
2025-01-06T18:20:28.860+05:30  INFO 32632 --- [PatientManagementSystem] [restartedMain] .s.d.r.c.RepositoryConfigurationDelegate : Bootstrapping Spring Data JPA repositories in DEFAULT mode.
2025-01-06T18:20:29.074+05:30  INFO 32632 --- [PatientManagementSystem] [restartedMain] .s.d.r.c.RepositoryConfigurationDelegate : Finished Spring Data repository scanning in 180 ms. Found 5 JPA repository interfaces.
2025-01-06T18:20:30.305+05:30  INFO 32636 --- [PatientManagementSystem] [restartedMain] c.e.P.PatientManagementSystemApplication : Starting PatientManagementSystemApplication using Java 23.0.1 with PID 32636 (C:\Users\Hrishikesh Rana\Downloads\Patient_Management_System\Patient_Management_System\target\classes started by Hrishikesh Rana in C:\Users\Hrishikesh Rana\Downloads\Patient_Management_System\Patient_Management_System)
2025-01-06T18:20:30.309+05:30 DEBUG 32636 --- [PatientManagementSystem] [restartedMain] c.e.P.PatientManagementSystemApplication : Running with Spring Boot v3.4.0, Spring v6.2.0
2025-01-06T18:20:30.312+05:30  INFO 32636 --- [PatientManagementSystem] [restartedMain] c.e.P.PatientManagementSystemApplication : No active profile set, falling back to 1 default profile: "default"
2025-01-06T18:20:30.536+05:30  INFO 32636 --- [PatientManagementSystem] [restartedMain] .e.DevToolsPropertyDefaultsPostProcessor : Devtools property defaults active! Set 'spring.devtools.add-properties' to 'false' to disable
2025-01-06T18:20:30.536+05:30  INFO 32636 --- [PatientManagementSystem] [restartedMain] .e.DevToolsPropertyDefaultsPostProcessor : For additional web related logging consider setting the 'logging.level.web' property to 'DEBUG'
2025-01-06T18:20:31.148+05:30  INFO 32632 --- [PatientManagementSystem] [restartedMain] o.s.b.w.embedded.tomcat.TomcatWebServer  : Tomcat initialized with port 5000 (http)
2025-01-06T18:20:31.190+05:30  INFO 32632 --- [PatientManagementSystem] [restartedMain] o.apache.catalina.core.StandardService   : Starting service [Tomcat]
2025-01-06T18:20:31.191+05:30  INFO 32632 --- [PatientManagementSystem] [restartedMain] o.apache.catalina.core.StandardEngine    : Starting Servlet engine: [Apache Tomcat/10.1.33]
2025-01-06T18:20:31.321+05:30  INFO 32632 --- [PatientManagementSystem] [restartedMain] o.a.c.c.C.[Tomcat].[localhost].[/]       : Initializing Spring embedded WebApplicationContext
2025-01-06T18:20:31.323+05:30  INFO 32632 --- [PatientManagementSystem] [restartedMain] w.s.c.ServletWebServerApplicationContext : Root WebApplicationContext: initialization completed in 4357 ms
2025-01-06T18:20:31.839+05:30  INFO 32632 --- [PatientManagementSystem] [restartedMain] o.hibernate.jpa.internal.util.LogHelper  : HHH000204: Processing PersistenceUnitInfo [name: default]
2025-01-06T18:20:32.051+05:30  INFO 32632 --- [PatientManagementSystem] [restartedMain] org.hibernate.Version                    : HHH000412: Hibernate ORM core version 6.6.2.Final
2025-01-06T18:20:32.137+05:30  INFO 32632 --- [PatientManagementSystem] [restartedMain] o.h.c.internal.RegionFactoryInitiator    : HHH000026: Second-level cache disabled
2025-01-06T18:20:32.474+05:30  INFO 32636 --- [PatientManagementSystem] [restartedMain] .s.d.r.c.RepositoryConfigurationDelegate : Bootstrapping Spring Data JPA repositories in DEFAULT mode.
2025-01-06T18:20:32.660+05:30  INFO 32636 --- [PatientManagementSystem] [restartedMain] .s.d.r.c.RepositoryConfigurationDelegate : Finished Spring Data repository scanning in 159 ms. Found 5 JPA repository interfaces.
2025-01-06T18:20:32.925+05:30  INFO 32632 --- [PatientManagementSystem] [restartedMain] o.s.o.j.p.SpringPersistenceUnitInfo      : No LoadTimeWeaver setup: ignoring JPA class transformer
2025-01-06T18:20:33.017+05:30  INFO 32632 --- [PatientManagementSystem] [restartedMain] com.zaxxer.hikari.HikariDataSource       : HikariPool-1 - Starting...
2025-01-06T18:20:33.662+05:30  INFO 32632 --- [PatientManagementSystem] [restartedMain] com.zaxxer.hikari.pool.HikariPool        : HikariPool-1 - Added connection org.postgresql.jdbc.PgConnection@1a053722
2025-01-06T18:20:33.667+05:30  INFO 32632 --- [PatientManagementSystem] [restartedMain] com.zaxxer.hikari.HikariDataSource       : HikariPool-1 - Start completed.
2025-01-06T18:20:33.818+05:30  WARN 32632 --- [PatientManagementSystem] [restartedMain] org.hibernate.orm.deprecation            : HHH90000025: PostgreSQLDialect does not need to be specified explicitly using 'hibernate.dialect' (remove the property setting and it will be selected by default)
2025-01-06T18:20:33.917+05:30  INFO 32632 --- [PatientManagementSystem] [restartedMain] org.hibernate.orm.connections.pooling    : HHH10001005: Database info:
	Database JDBC URL [Connecting through datasource 'HikariDataSource (HikariPool-1)']
	Database driver: undefined/unknown
	Database version: 17.2
	Autocommit mode: undefined/unknown
	Isolation level: undefined/unknown
	Minimum pool size: undefined/unknown
	Maximum pool size: undefined/unknown
2025-01-06T18:20:34.304+05:30  INFO 32636 --- [PatientManagementSystem] [restartedMain] o.s.b.w.embedded.tomcat.TomcatWebServer  : Tomcat initialized with port 5000 (http)
2025-01-06T18:20:34.345+05:30  INFO 32636 --- [PatientManagementSystem] [restartedMain] o.apache.catalina.core.StandardService   : Starting service [Tomcat]
2025-01-06T18:20:34.346+05:30  INFO 32636 --- [PatientManagementSystem] [restartedMain] o.apache.catalina.core.StandardEngine    : Starting Servlet engine: [Apache Tomcat/10.1.33]
2025-01-06T18:20:34.471+05:30  INFO 32636 --- [PatientManagementSystem] [restartedMain] o.a.c.c.C.[Tomcat].[localhost].[/]       : Initializing Spring embedded WebApplicationContext
2025-01-06T18:20:34.472+05:30  INFO 32636 --- [PatientManagementSystem] [restartedMain] w.s.c.ServletWebServerApplicationContext : Root WebApplicationContext: initialization completed in 3935 ms
2025-01-06T18:20:34.862+05:30  INFO 32636 --- [PatientManagementSystem] [restartedMain] o.hibernate.jpa.internal.util.LogHelper  : HHH000204: Processing PersistenceUnitInfo [name: default]
2025-01-06T18:20:35.017+05:30  INFO 32636 --- [PatientManagementSystem] [restartedMain] org.hibernate.Version                    : HHH000412: Hibernate ORM core version 6.6.2.Final
2025-01-06T18:20:35.110+05:30  INFO 32636 --- [PatientManagementSystem] [restartedMain] o.h.c.internal.RegionFactoryInitiator    : HHH000026: Second-level cache disabled
2025-01-06T18:20:35.818+05:30  INFO 32636 --- [PatientManagementSystem] [restartedMain] o.s.o.j.p.SpringPersistenceUnitInfo      : No LoadTimeWeaver setup: ignoring JPA class transformer
2025-01-06T18:20:35.886+05:30  INFO 32636 --- [PatientManagementSystem] [restartedMain] com.zaxxer.hikari.HikariDataSource       : HikariPool-1 - Starting...
2025-01-06T18:20:36.280+05:30  INFO 32636 --- [PatientManagementSystem] [restartedMain] com.zaxxer.hikari.pool.HikariPool        : HikariPool-1 - Added connection org.postgresql.jdbc.PgConnection@1a053722
2025-01-06T18:20:36.283+05:30  INFO 32636 --- [PatientManagementSystem] [restartedMain] com.zaxxer.hikari.HikariDataSource       : HikariPool-1 - Start completed.
2025-01-06T18:20:36.363+05:30  WARN 32636 --- [PatientManagementSystem] [restartedMain] org.hibernate.orm.deprecation            : HHH90000025: PostgreSQLDialect does not need to be specified explicitly using 'hibernate.dialect' (remove the property setting and it will be selected by default)
2025-01-06T18:20:36.386+05:30  INFO 32632 --- [PatientManagementSystem] [restartedMain] o.h.e.t.j.p.i.JtaPlatformInitiator       : HHH000489: No JTA platform available (set 'hibernate.transaction.jta.platform' to enable JTA platform integration)
2025-01-06T18:20:36.410+05:30  INFO 32636 --- [PatientManagementSystem] [restartedMain] org.hibernate.orm.connections.pooling    : HHH10001005: Database info:
	Database JDBC URL [Connecting through datasource 'HikariDataSource (HikariPool-1)']
	Database driver: undefined/unknown
	Database version: 17.2
	Autocommit mode: undefined/unknown
	Isolation level: undefined/unknown
	Minimum pool size: undefined/unknown
	Maximum pool size: undefined/unknown
2025-01-06T18:20:36.803+05:30  INFO 32632 --- [PatientManagementSystem] [restartedMain] j.LocalContainerEntityManagerFactoryBean : Initialized JPA EntityManagerFactory for persistence unit 'default'
2025-01-06T18:20:37.844+05:30  WARN 32632 --- [PatientManagementSystem] [restartedMain] JpaBaseConfiguration$JpaWebConfiguration : spring.jpa.open-in-view is enabled by default. Therefore, database queries may be performed during view rendering. Explicitly configure spring.jpa.open-in-view to disable this warning
2025-01-06T18:20:38.692+05:30  INFO 32632 --- [PatientManagementSystem] [restartedMain] o.s.b.d.a.OptionalLiveReloadServer       : LiveReload server is running on port 35729
2025-01-06T18:20:38.761+05:30  INFO 32632 --- [PatientManagementSystem] [restartedMain] o.s.b.w.embedded.tomcat.TomcatWebServer  : Tomcat started on port 5000 (http) with context path '/'
2025-01-06T18:20:38.780+05:30  INFO 32632 --- [PatientManagementSystem] [restartedMain] c.e.P.PatientManagementSystemApplication : Started PatientManagementSystemApplication in 13.076 seconds (process running for 14.332)
2025-01-06T18:20:38.877+05:30  INFO 32636 --- [PatientManagementSystem] [restartedMain] o.h.e.t.j.p.i.JtaPlatformInitiator       : HHH000489: No JTA platform available (set 'hibernate.transaction.jta.platform' to enable JTA platform integration)
2025-01-06T18:20:39.166+05:30  INFO 32636 --- [PatientManagementSystem] [restartedMain] j.LocalContainerEntityManagerFactoryBean : Initialized JPA EntityManagerFactory for persistence unit 'default'
2025-01-06T18:20:40.016+05:30  WARN 32636 --- [PatientManagementSystem] [restartedMain] JpaBaseConfiguration$JpaWebConfiguration : spring.jpa.open-in-view is enabled by default. Therefore, database queries may be performed during view rendering. Explicitly configure spring.jpa.open-in-view to disable this warning
2025-01-06T18:20:40.775+05:30  WARN 32636 --- [PatientManagementSystem] [restartedMain] o.s.b.d.a.OptionalLiveReloadServer       : Unable to start LiveReload server
2025-01-06T18:20:40.811+05:30  WARN 32636 --- [PatientManagementSystem] [restartedMain] ConfigServletWebServerApplicationContext : Exception encountered during context initialization - cancelling refresh attempt: org.springframework.context.ApplicationContextException: Failed to start bean 'webServerStartStop'
2025-01-06T18:20:40.816+05:30  INFO 32636 --- [PatientManagementSystem] [restartedMain] j.LocalContainerEntityManagerFactoryBean : Closing JPA EntityManagerFactory for persistence unit 'default'
2025-01-06T18:20:40.822+05:30  INFO 32636 --- [PatientManagementSystem] [restartedMain] com.zaxxer.hikari.HikariDataSource       : HikariPool-1 - Shutdown initiated...
2025-01-06T18:20:40.830+05:30  INFO 32636 --- [PatientManagementSystem] [restartedMain] com.zaxxer.hikari.HikariDataSource       : HikariPool-1 - Shutdown completed.
2025-01-06T18:20:40.858+05:30  INFO 32636 --- [PatientManagementSystem] [restartedMain] .s.b.a.l.ConditionEvaluationReportLogger : 

Error starting ApplicationContext. To display the condition evaluation report re-run your application with 'debug' enabled.
2025-01-06T18:20:40.909+05:30 ERROR 32636 --- [PatientManagementSystem] [restartedMain] o.s.b.d.LoggingFailureAnalysisReporter   : 

***************************
APPLICATION FAILED TO START
***************************

Description:

Web server failed to start. Port 5000 was already in use.

Action:

Identify and stop the process that's listening on port 5000 or configure this application to listen on another port.

2025-01-06T18:20:47.683+05:30  INFO 32632 --- [PatientManagementSystem] [SpringApplicationShutdownHook] o.s.b.w.e.tomcat.GracefulShutdown        : Commencing graceful shutdown. Waiting for active requests to complete
2025-01-06T18:20:47.697+05:30  INFO 32632 --- [PatientManagementSystem] [tomcat-shutdown] o.s.b.w.e.tomcat.GracefulShutdown        : Graceful shutdown complete
2025-01-06T18:20:47.704+05:30  INFO 32632 --- [PatientManagementSystem] [SpringApplicationShutdownHook] j.LocalContainerEntityManagerFactoryBean : Closing JPA EntityManagerFactory for persistence unit 'default'
2025-01-06T18:20:47.709+05:30  INFO 32632 --- [PatientManagementSystem] [SpringApplicationShutdownHook] com.zaxxer.hikari.HikariDataSource       : HikariPool-1 - Shutdown initiated...
2025-01-06T18:20:47.717+05:30  INFO 32632 --- [PatientManagementSystem] [SpringApplicationShutdownHook] com.zaxxer.hikari.HikariDataSource       : HikariPool-1 - Shutdown completed.
2025-01-06T18:20:55.848+05:30  INFO 31432 --- [PatientManagementSystem] [restartedMain] c.e.P.PatientManagementSystemApplication : Starting PatientManagementSystemApplication using Java 23.0.1 with PID 31432 (C:\Users\Hrishikesh Rana\Downloads\Patient_Management_System\Patient_Management_System\target\classes started by Hrishikesh Rana in C:\Users\Hrishikesh Rana\Downloads\Patient_Management_System\Patient_Management_System)
2025-01-06T18:20:55.851+05:30 DEBUG 31432 --- [PatientManagementSystem] [restartedMain] c.e.P.PatientManagementSystemApplication : Running with Spring Boot v3.4.0, Spring v6.2.0
2025-01-06T18:20:55.853+05:30  INFO 31432 --- [PatientManagementSystem] [restartedMain] c.e.P.PatientManagementSystemApplication : No active profile set, falling back to 1 default profile: "default"
2025-01-06T18:20:56.007+05:30  INFO 31432 --- [PatientManagementSystem] [restartedMain] .e.DevToolsPropertyDefaultsPostProcessor : Devtools property defaults active! Set 'spring.devtools.add-properties' to 'false' to disable
2025-01-06T18:20:56.007+05:30  INFO 31432 --- [PatientManagementSystem] [restartedMain] .e.DevToolsPropertyDefaultsPostProcessor : For additional web related logging consider setting the 'logging.level.web' property to 'DEBUG'
2025-01-06T18:20:57.680+05:30  INFO 31432 --- [PatientManagementSystem] [restartedMain] .s.d.r.c.RepositoryConfigurationDelegate : Bootstrapping Spring Data JPA repositories in DEFAULT mode.
2025-01-06T18:20:57.877+05:30  INFO 31432 --- [PatientManagementSystem] [restartedMain] .s.d.r.c.RepositoryConfigurationDelegate : Finished Spring Data repository scanning in 172 ms. Found 5 JPA repository interfaces.
2025-01-06T18:20:59.377+05:30  INFO 31432 --- [PatientManagementSystem] [restartedMain] o.s.b.w.embedded.tomcat.TomcatWebServer  : Tomcat initialized with port 5000 (http)
2025-01-06T18:20:59.414+05:30  INFO 31432 --- [PatientManagementSystem] [restartedMain] o.apache.catalina.core.StandardService   : Starting service [Tomcat]
2025-01-06T18:20:59.415+05:30  INFO 31432 --- [PatientManagementSystem] [restartedMain] o.apache.catalina.core.StandardEngine    : Starting Servlet engine: [Apache Tomcat/10.1.33]
2025-01-06T18:20:59.530+05:30  INFO 31432 --- [PatientManagementSystem] [restartedMain] o.a.c.c.C.[Tomcat].[localhost].[/]       : Initializing Spring embedded WebApplicationContext
2025-01-06T18:20:59.531+05:30  INFO 31432 --- [PatientManagementSystem] [restartedMain] w.s.c.ServletWebServerApplicationContext : Root WebApplicationContext: initialization completed in 3523 ms
2025-01-06T18:20:59.904+05:30  INFO 31432 --- [PatientManagementSystem] [restartedMain] o.hibernate.jpa.internal.util.LogHelper  : HHH000204: Processing PersistenceUnitInfo [name: default]
2025-01-06T18:21:00.068+05:30  INFO 31432 --- [PatientManagementSystem] [restartedMain] org.hibernate.Version                    : HHH000412: Hibernate ORM core version 6.6.2.Final
2025-01-06T18:21:00.147+05:30  INFO 31432 --- [PatientManagementSystem] [restartedMain] o.h.c.internal.RegionFactoryInitiator    : HHH000026: Second-level cache disabled
2025-01-06T18:21:00.842+05:30  INFO 31432 --- [PatientManagementSystem] [restartedMain] o.s.o.j.p.SpringPersistenceUnitInfo      : No LoadTimeWeaver setup: ignoring JPA class transformer
2025-01-06T18:21:00.917+05:30  INFO 31432 --- [PatientManagementSystem] [restartedMain] com.zaxxer.hikari.HikariDataSource       : HikariPool-1 - Starting...
2025-01-06T18:21:01.333+05:30  INFO 31432 --- [PatientManagementSystem] [restartedMain] com.zaxxer.hikari.pool.HikariPool        : HikariPool-1 - Added connection org.postgresql.jdbc.PgConnection@696b0a7e
2025-01-06T18:21:01.337+05:30  INFO 31432 --- [PatientManagementSystem] [restartedMain] com.zaxxer.hikari.HikariDataSource       : HikariPool-1 - Start completed.
2025-01-06T18:21:01.433+05:30  WARN 31432 --- [PatientManagementSystem] [restartedMain] org.hibernate.orm.deprecation            : HHH90000025: PostgreSQLDialect does not need to be specified explicitly using 'hibernate.dialect' (remove the property setting and it will be selected by default)
2025-01-06T18:21:01.489+05:30  INFO 31432 --- [PatientManagementSystem] [restartedMain] org.hibernate.orm.connections.pooling    : HHH10001005: Database info:
	Database JDBC URL [Connecting through datasource 'HikariDataSource (HikariPool-1)']
	Database driver: undefined/unknown
	Database version: 17.2
	Autocommit mode: undefined/unknown
	Isolation level: undefined/unknown
	Minimum pool size: undefined/unknown
	Maximum pool size: undefined/unknown
2025-01-06T18:21:03.711+05:30  INFO 31432 --- [PatientManagementSystem] [restartedMain] o.h.e.t.j.p.i.JtaPlatformInitiator       : HHH000489: No JTA platform available (set 'hibernate.transaction.jta.platform' to enable JTA platform integration)
2025-01-06T18:21:03.992+05:30  INFO 31432 --- [PatientManagementSystem] [restartedMain] j.LocalContainerEntityManagerFactoryBean : Initialized JPA EntityManagerFactory for persistence unit 'default'
2025-01-06T18:21:04.916+05:30  WARN 31432 --- [PatientManagementSystem] [restartedMain] JpaBaseConfiguration$JpaWebConfiguration : spring.jpa.open-in-view is enabled by default. Therefore, database queries may be performed during view rendering. Explicitly configure spring.jpa.open-in-view to disable this warning
2025-01-06T18:21:05.718+05:30  INFO 31432 --- [PatientManagementSystem] [restartedMain] o.s.b.d.a.OptionalLiveReloadServer       : LiveReload server is running on port 35729
2025-01-06T18:21:05.818+05:30  INFO 31432 --- [PatientManagementSystem] [restartedMain] o.s.b.w.embedded.tomcat.TomcatWebServer  : Tomcat started on port 5000 (http) with context path '/'
2025-01-06T18:21:05.836+05:30  INFO 31432 --- [PatientManagementSystem] [restartedMain] c.e.P.PatientManagementSystemApplication : Started PatientManagementSystemApplication in 11.196 seconds (process running for 12.357)
2025-01-06T18:21:43.976+05:30  INFO 31432 --- [PatientManagementSystem] [SpringApplicationShutdownHook] o.s.b.w.e.tomcat.GracefulShutdown        : Commencing graceful shutdown. Waiting for active requests to complete
2025-01-06T18:21:43.991+05:30  INFO 31432 --- [PatientManagementSystem] [tomcat-shutdown] o.s.b.w.e.tomcat.GracefulShutdown        : Graceful shutdown complete
2025-01-06T18:21:44.004+05:30  INFO 31432 --- [PatientManagementSystem] [SpringApplicationShutdownHook] j.LocalContainerEntityManagerFactoryBean : Closing JPA EntityManagerFactory for persistence unit 'default'
2025-01-06T18:21:44.013+05:30  INFO 31432 --- [PatientManagementSystem] [SpringApplicationShutdownHook] com.zaxxer.hikari.HikariDataSource       : HikariPool-1 - Shutdown initiated...
2025-01-06T18:21:44.018+05:30  INFO 31432 --- [PatientManagementSystem] [SpringApplicationShutdownHook] com.zaxxer.hikari.HikariDataSource       : HikariPool-1 - Shutdown completed.
