2025-01-27T17:14:31.961+05:30  INFO 6869 --- [PatientManagementSystem] [restartedMain] c.e.P.PatientManagementSystemApplication : Starting PatientManagementSystemApplication using Java 23.0.1 with PID 6869 (/Users/hrishikeshrana/IdeaProjects/PatientManagementSystem/target/classes started by hrishikeshrana in /Users/hrishikeshrana/IdeaProjects/PatientManagementSystem)
2025-01-27T17:14:31.967+05:30 DEBUG 6869 --- [PatientManagementSystem] [restartedMain] c.e.P.PatientManagementSystemApplication : Running with Spring Boot v3.4.0, Spring v6.2.0
2025-01-27T17:14:31.967+05:30  INFO 6869 --- [PatientManagementSystem] [restartedMain] c.e.P.PatientManagementSystemApplication : No active profile set, falling back to 1 default profile: "default"
2025-01-27T17:14:32.003+05:30  INFO 6869 --- [PatientManagementSystem] [restartedMain] .e.DevToolsPropertyDefaultsPostProcessor : Devtools property defaults active! Set 'spring.devtools.add-properties' to 'false' to disable
2025-01-27T17:14:32.003+05:30  INFO 6869 --- [PatientManagementSystem] [restartedMain] .e.DevToolsPropertyDefaultsPostProcessor : For additional web related logging consider setting the 'logging.level.web' property to 'DEBUG'
2025-01-27T17:14:32.419+05:30  INFO 6869 --- [PatientManagementSystem] [restartedMain] .s.d.r.c.RepositoryConfigurationDelegate : Bootstrapping Spring Data JPA repositories in DEFAULT mode.
2025-01-27T17:14:32.452+05:30  INFO 6869 --- [PatientManagementSystem] [restartedMain] .s.d.r.c.RepositoryConfigurationDelegate : Finished Spring Data repository scanning in 27 ms. Found 5 JPA repository interfaces.
2025-01-27T17:14:32.740+05:30  INFO 6869 --- [PatientManagementSystem] [restartedMain] o.s.b.w.embedded.tomcat.TomcatWebServer  : Tomcat initialized with port 8081 (http)
2025-01-27T17:14:32.748+05:30  INFO 6869 --- [PatientManagementSystem] [restartedMain] o.apache.catalina.core.StandardService   : Starting service [Tomcat]
2025-01-27T17:14:32.748+05:30  INFO 6869 --- [PatientManagementSystem] [restartedMain] o.apache.catalina.core.StandardEngine    : Starting Servlet engine: [Apache Tomcat/10.1.33]
2025-01-27T17:14:32.773+05:30  INFO 6869 --- [PatientManagementSystem] [restartedMain] o.a.c.c.C.[Tomcat].[localhost].[/]       : Initializing Spring embedded WebApplicationContext
2025-01-27T17:14:32.773+05:30  INFO 6869 --- [PatientManagementSystem] [restartedMain] w.s.c.ServletWebServerApplicationContext : Root WebApplicationContext: initialization completed in 769 ms
2025-01-27T17:14:32.852+05:30  INFO 6869 --- [PatientManagementSystem] [restartedMain] o.hibernate.jpa.internal.util.LogHelper  : HHH000204: Processing PersistenceUnitInfo [name: default]
2025-01-27T17:14:32.881+05:30  INFO 6869 --- [PatientManagementSystem] [restartedMain] org.hibernate.Version                    : HHH000412: Hibernate ORM core version 6.6.2.Final
2025-01-27T17:14:32.898+05:30  INFO 6869 --- [PatientManagementSystem] [restartedMain] o.h.c.internal.RegionFactoryInitiator    : HHH000026: Second-level cache disabled
2025-01-27T17:14:33.042+05:30  INFO 6869 --- [PatientManagementSystem] [restartedMain] o.s.o.j.p.SpringPersistenceUnitInfo      : No LoadTimeWeaver setup: ignoring JPA class transformer
2025-01-27T17:14:33.057+05:30  INFO 6869 --- [PatientManagementSystem] [restartedMain] com.zaxxer.hikari.HikariDataSource       : HikariPool-1 - Starting...
2025-01-27T17:14:36.174+05:30  INFO 6869 --- [PatientManagementSystem] [restartedMain] com.zaxxer.hikari.pool.HikariPool        : HikariPool-1 - Added connection org.postgresql.jdbc.PgConnection@6ea272b3
2025-01-27T17:14:36.176+05:30  INFO 6869 --- [PatientManagementSystem] [restartedMain] com.zaxxer.hikari.HikariDataSource       : HikariPool-1 - Start completed.
2025-01-27T17:14:36.461+05:30  WARN 6869 --- [PatientManagementSystem] [restartedMain] org.hibernate.orm.deprecation            : HHH90000025: PostgreSQLDialect does not need to be specified explicitly using 'hibernate.dialect' (remove the property setting and it will be selected by default)
2025-01-27T17:14:37.011+05:30  INFO 6869 --- [PatientManagementSystem] [restartedMain] org.hibernate.orm.connections.pooling    : HHH10001005: Database info:
	Database JDBC URL [Connecting through datasource 'HikariDataSource (HikariPool-1)']
	Database driver: undefined/unknown
	Database version: 16.6
	Autocommit mode: undefined/unknown
	Isolation level: undefined/unknown
	Minimum pool size: undefined/unknown
	Maximum pool size: undefined/unknown
2025-01-27T17:14:37.483+05:30  INFO 6869 --- [PatientManagementSystem] [restartedMain] o.h.e.t.j.p.i.JtaPlatformInitiator       : HHH000489: No JTA platform available (set 'hibernate.transaction.jta.platform' to enable JTA platform integration)
2025-01-27T17:14:43.239+05:30  INFO 6869 --- [PatientManagementSystem] [restartedMain] j.LocalContainerEntityManagerFactoryBean : Initialized JPA EntityManagerFactory for persistence unit 'default'
2025-01-27T17:14:43.544+05:30  WARN 6869 --- [PatientManagementSystem] [restartedMain] JpaBaseConfiguration$JpaWebConfiguration : spring.jpa.open-in-view is enabled by default. Therefore, database queries may be performed during view rendering. Explicitly configure spring.jpa.open-in-view to disable this warning
2025-01-27T17:14:43.804+05:30  INFO 6869 --- [PatientManagementSystem] [restartedMain] o.s.b.d.a.OptionalLiveReloadServer       : LiveReload server is running on port 35729
2025-01-27T17:14:43.826+05:30  INFO 6869 --- [PatientManagementSystem] [restartedMain] o.s.b.w.embedded.tomcat.TomcatWebServer  : Tomcat started on port 8081 (http) with context path '/'
2025-01-27T17:14:43.833+05:30  INFO 6869 --- [PatientManagementSystem] [restartedMain] c.e.P.PatientManagementSystemApplication : Started PatientManagementSystemApplication in 12.137 seconds (process running for 12.421)
2025-01-27T17:15:00.318+05:30  INFO 6869 --- [PatientManagementSystem] [http-nio-8081-exec-1] o.a.c.c.C.[Tomcat].[localhost].[/]       : Initializing Spring DispatcherServlet 'dispatcherServlet'
2025-01-27T17:15:00.319+05:30  INFO 6869 --- [PatientManagementSystem] [http-nio-8081-exec-1] o.s.web.servlet.DispatcherServlet        : Initializing Servlet 'dispatcherServlet'
2025-01-27T17:15:00.320+05:30  INFO 6869 --- [PatientManagementSystem] [http-nio-8081-exec-1] o.s.web.servlet.DispatcherServlet        : Completed initialization in 1 ms
2025-01-27T17:15:00.771+05:30  INFO 6869 --- [PatientManagementSystem] [http-nio-8081-exec-4] o.springdoc.api.AbstractOpenApiResource  : Init duration for springdoc-openapi is: 318 ms
2025-01-27T17:24:27.886+05:30  INFO 6869 --- [PatientManagementSystem] [SpringApplicationShutdownHook] o.s.b.w.e.tomcat.GracefulShutdown        : Commencing graceful shutdown. Waiting for active requests to complete
2025-01-27T17:24:27.891+05:30  INFO 6869 --- [PatientManagementSystem] [tomcat-shutdown] o.s.b.w.e.tomcat.GracefulShutdown        : Graceful shutdown complete
2025-01-27T17:24:27.895+05:30  INFO 6869 --- [PatientManagementSystem] [SpringApplicationShutdownHook] j.LocalContainerEntityManagerFactoryBean : Closing JPA EntityManagerFactory for persistence unit 'default'
2025-01-27T17:24:27.897+05:30  INFO 6869 --- [PatientManagementSystem] [SpringApplicationShutdownHook] com.zaxxer.hikari.HikariDataSource       : HikariPool-1 - Shutdown initiated...
2025-01-27T17:24:30.481+05:30  INFO 6869 --- [PatientManagementSystem] [SpringApplicationShutdownHook] com.zaxxer.hikari.HikariDataSource       : HikariPool-1 - Shutdown completed.
2025-01-27T17:24:32.185+05:30  INFO 7031 --- [PatientManagementSystem] [restartedMain] c.e.P.PatientManagementSystemApplication : Starting PatientManagementSystemApplication using Java 23.0.1 with PID 7031 (/Users/hrishikeshrana/IdeaProjects/PatientManagementSystem/target/classes started by hrishikeshrana in /Users/hrishikeshrana/IdeaProjects/PatientManagementSystem)
2025-01-27T17:24:32.185+05:30 DEBUG 7031 --- [PatientManagementSystem] [restartedMain] c.e.P.PatientManagementSystemApplication : Running with Spring Boot v3.4.0, Spring v6.2.0
2025-01-27T17:24:32.186+05:30  INFO 7031 --- [PatientManagementSystem] [restartedMain] c.e.P.PatientManagementSystemApplication : No active profile set, falling back to 1 default profile: "default"
2025-01-27T17:24:32.219+05:30  INFO 7031 --- [PatientManagementSystem] [restartedMain] .e.DevToolsPropertyDefaultsPostProcessor : Devtools property defaults active! Set 'spring.devtools.add-properties' to 'false' to disable
2025-01-27T17:24:32.219+05:30  INFO 7031 --- [PatientManagementSystem] [restartedMain] .e.DevToolsPropertyDefaultsPostProcessor : For additional web related logging consider setting the 'logging.level.web' property to 'DEBUG'
2025-01-27T17:24:32.625+05:30  INFO 7031 --- [PatientManagementSystem] [restartedMain] .s.d.r.c.RepositoryConfigurationDelegate : Bootstrapping Spring Data JPA repositories in DEFAULT mode.
2025-01-27T17:24:32.657+05:30  INFO 7031 --- [PatientManagementSystem] [restartedMain] .s.d.r.c.RepositoryConfigurationDelegate : Finished Spring Data repository scanning in 27 ms. Found 5 JPA repository interfaces.
2025-01-27T17:24:32.936+05:30  INFO 7031 --- [PatientManagementSystem] [restartedMain] o.s.b.w.embedded.tomcat.TomcatWebServer  : Tomcat initialized with port 8081 (http)
2025-01-27T17:24:32.943+05:30  INFO 7031 --- [PatientManagementSystem] [restartedMain] o.apache.catalina.core.StandardService   : Starting service [Tomcat]
2025-01-27T17:24:32.944+05:30  INFO 7031 --- [PatientManagementSystem] [restartedMain] o.apache.catalina.core.StandardEngine    : Starting Servlet engine: [Apache Tomcat/10.1.33]
2025-01-27T17:24:32.963+05:30  INFO 7031 --- [PatientManagementSystem] [restartedMain] o.a.c.c.C.[Tomcat].[localhost].[/]       : Initializing Spring embedded WebApplicationContext
2025-01-27T17:24:32.963+05:30  INFO 7031 --- [PatientManagementSystem] [restartedMain] w.s.c.ServletWebServerApplicationContext : Root WebApplicationContext: initialization completed in 744 ms
2025-01-27T17:24:33.045+05:30  INFO 7031 --- [PatientManagementSystem] [restartedMain] o.hibernate.jpa.internal.util.LogHelper  : HHH000204: Processing PersistenceUnitInfo [name: default]
2025-01-27T17:24:33.070+05:30  INFO 7031 --- [PatientManagementSystem] [restartedMain] org.hibernate.Version                    : HHH000412: Hibernate ORM core version 6.6.2.Final
2025-01-27T17:24:33.084+05:30  INFO 7031 --- [PatientManagementSystem] [restartedMain] o.h.c.internal.RegionFactoryInitiator    : HHH000026: Second-level cache disabled
2025-01-27T17:24:33.217+05:30  INFO 7031 --- [PatientManagementSystem] [restartedMain] o.s.o.j.p.SpringPersistenceUnitInfo      : No LoadTimeWeaver setup: ignoring JPA class transformer
2025-01-27T17:24:33.230+05:30  INFO 7031 --- [PatientManagementSystem] [restartedMain] com.zaxxer.hikari.HikariDataSource       : HikariPool-1 - Starting...
2025-01-27T17:24:36.890+05:30  INFO 7031 --- [PatientManagementSystem] [restartedMain] com.zaxxer.hikari.pool.HikariPool        : HikariPool-1 - Added connection org.postgresql.jdbc.PgConnection@19aab675
2025-01-27T17:24:36.892+05:30  INFO 7031 --- [PatientManagementSystem] [restartedMain] com.zaxxer.hikari.HikariDataSource       : HikariPool-1 - Start completed.
2025-01-27T17:24:37.189+05:30  WARN 7031 --- [PatientManagementSystem] [restartedMain] org.hibernate.orm.deprecation            : HHH90000025: PostgreSQLDialect does not need to be specified explicitly using 'hibernate.dialect' (remove the property setting and it will be selected by default)
2025-01-27T17:24:37.748+05:30  INFO 7031 --- [PatientManagementSystem] [restartedMain] org.hibernate.orm.connections.pooling    : HHH10001005: Database info:
	Database JDBC URL [Connecting through datasource 'HikariDataSource (HikariPool-1)']
	Database driver: undefined/unknown
	Database version: 16.6
	Autocommit mode: undefined/unknown
	Isolation level: undefined/unknown
	Minimum pool size: undefined/unknown
	Maximum pool size: undefined/unknown
2025-01-27T17:24:38.211+05:30  INFO 7031 --- [PatientManagementSystem] [restartedMain] o.h.e.t.j.p.i.JtaPlatformInitiator       : HHH000489: No JTA platform available (set 'hibernate.transaction.jta.platform' to enable JTA platform integration)
2025-01-27T17:24:45.500+05:30  INFO 7031 --- [PatientManagementSystem] [restartedMain] j.LocalContainerEntityManagerFactoryBean : Initialized JPA EntityManagerFactory for persistence unit 'default'
2025-01-27T17:24:45.765+05:30  WARN 7031 --- [PatientManagementSystem] [restartedMain] JpaBaseConfiguration$JpaWebConfiguration : spring.jpa.open-in-view is enabled by default. Therefore, database queries may be performed during view rendering. Explicitly configure spring.jpa.open-in-view to disable this warning
2025-01-27T17:24:45.999+05:30  INFO 7031 --- [PatientManagementSystem] [restartedMain] o.s.b.d.a.OptionalLiveReloadServer       : LiveReload server is running on port 35729
2025-01-27T17:24:46.020+05:30  INFO 7031 --- [PatientManagementSystem] [restartedMain] o.s.b.w.embedded.tomcat.TomcatWebServer  : Tomcat started on port 8081 (http) with context path '/'
2025-01-27T17:24:46.029+05:30  INFO 7031 --- [PatientManagementSystem] [restartedMain] c.e.P.PatientManagementSystemApplication : Started PatientManagementSystemApplication in 14.126 seconds (process running for 14.409)
2025-01-27T17:24:51.801+05:30  INFO 7031 --- [PatientManagementSystem] [http-nio-8081-exec-1] o.a.c.c.C.[Tomcat].[localhost].[/]       : Initializing Spring DispatcherServlet 'dispatcherServlet'
2025-01-27T17:24:51.801+05:30  INFO 7031 --- [PatientManagementSystem] [http-nio-8081-exec-1] o.s.web.servlet.DispatcherServlet        : Initializing Servlet 'dispatcherServlet'
2025-01-27T17:24:51.802+05:30  INFO 7031 --- [PatientManagementSystem] [http-nio-8081-exec-1] o.s.web.servlet.DispatcherServlet        : Completed initialization in 1 ms
2025-01-27T17:24:52.271+05:30  INFO 7031 --- [PatientManagementSystem] [http-nio-8081-exec-4] o.springdoc.api.AbstractOpenApiResource  : Init duration for springdoc-openapi is: 320 ms
2025-01-27T17:28:36.627+05:30  INFO 7031 --- [PatientManagementSystem] [SpringApplicationShutdownHook] o.s.b.w.e.tomcat.GracefulShutdown        : Commencing graceful shutdown. Waiting for active requests to complete
2025-01-27T17:28:36.632+05:30  INFO 7031 --- [PatientManagementSystem] [tomcat-shutdown] o.s.b.w.e.tomcat.GracefulShutdown        : Graceful shutdown complete
2025-01-27T17:28:36.635+05:30  INFO 7031 --- [PatientManagementSystem] [SpringApplicationShutdownHook] j.LocalContainerEntityManagerFactoryBean : Closing JPA EntityManagerFactory for persistence unit 'default'
2025-01-27T17:28:36.639+05:30  INFO 7031 --- [PatientManagementSystem] [SpringApplicationShutdownHook] com.zaxxer.hikari.HikariDataSource       : HikariPool-1 - Shutdown initiated...
2025-01-27T17:28:39.151+05:30  INFO 7031 --- [PatientManagementSystem] [SpringApplicationShutdownHook] com.zaxxer.hikari.HikariDataSource       : HikariPool-1 - Shutdown completed.
2025-01-27T17:28:40.893+05:30  INFO 7099 --- [PatientManagementSystem] [restartedMain] c.e.P.PatientManagementSystemApplication : Starting PatientManagementSystemApplication using Java 23.0.1 with PID 7099 (/Users/hrishikeshrana/IdeaProjects/PatientManagementSystem/target/classes started by hrishikeshrana in /Users/hrishikeshrana/IdeaProjects/PatientManagementSystem)
2025-01-27T17:28:40.894+05:30 DEBUG 7099 --- [PatientManagementSystem] [restartedMain] c.e.P.PatientManagementSystemApplication : Running with Spring Boot v3.4.0, Spring v6.2.0
2025-01-27T17:28:40.894+05:30  INFO 7099 --- [PatientManagementSystem] [restartedMain] c.e.P.PatientManagementSystemApplication : No active profile set, falling back to 1 default profile: "default"
2025-01-27T17:28:40.929+05:30  INFO 7099 --- [PatientManagementSystem] [restartedMain] .e.DevToolsPropertyDefaultsPostProcessor : Devtools property defaults active! Set 'spring.devtools.add-properties' to 'false' to disable
2025-01-27T17:28:40.929+05:30  INFO 7099 --- [PatientManagementSystem] [restartedMain] .e.DevToolsPropertyDefaultsPostProcessor : For additional web related logging consider setting the 'logging.level.web' property to 'DEBUG'
2025-01-27T17:28:41.350+05:30  INFO 7099 --- [PatientManagementSystem] [restartedMain] .s.d.r.c.RepositoryConfigurationDelegate : Bootstrapping Spring Data JPA repositories in DEFAULT mode.
2025-01-27T17:28:41.385+05:30  INFO 7099 --- [PatientManagementSystem] [restartedMain] .s.d.r.c.RepositoryConfigurationDelegate : Finished Spring Data repository scanning in 28 ms. Found 5 JPA repository interfaces.
2025-01-27T17:28:41.697+05:30  INFO 7099 --- [PatientManagementSystem] [restartedMain] o.s.b.w.embedded.tomcat.TomcatWebServer  : Tomcat initialized with port 8081 (http)
2025-01-27T17:28:41.705+05:30  INFO 7099 --- [PatientManagementSystem] [restartedMain] o.apache.catalina.core.StandardService   : Starting service [Tomcat]
2025-01-27T17:28:41.705+05:30  INFO 7099 --- [PatientManagementSystem] [restartedMain] o.apache.catalina.core.StandardEngine    : Starting Servlet engine: [Apache Tomcat/10.1.33]
2025-01-27T17:28:41.731+05:30  INFO 7099 --- [PatientManagementSystem] [restartedMain] o.a.c.c.C.[Tomcat].[localhost].[/]       : Initializing Spring embedded WebApplicationContext
2025-01-27T17:28:41.731+05:30  INFO 7099 --- [PatientManagementSystem] [restartedMain] w.s.c.ServletWebServerApplicationContext : Root WebApplicationContext: initialization completed in 801 ms
2025-01-27T17:28:41.804+05:30  INFO 7099 --- [PatientManagementSystem] [restartedMain] o.hibernate.jpa.internal.util.LogHelper  : HHH000204: Processing PersistenceUnitInfo [name: default]
2025-01-27T17:28:41.834+05:30  INFO 7099 --- [PatientManagementSystem] [restartedMain] org.hibernate.Version                    : HHH000412: Hibernate ORM core version 6.6.2.Final
2025-01-27T17:28:41.849+05:30  INFO 7099 --- [PatientManagementSystem] [restartedMain] o.h.c.internal.RegionFactoryInitiator    : HHH000026: Second-level cache disabled
2025-01-27T17:28:41.986+05:30  INFO 7099 --- [PatientManagementSystem] [restartedMain] o.s.o.j.p.SpringPersistenceUnitInfo      : No LoadTimeWeaver setup: ignoring JPA class transformer
2025-01-27T17:28:41.999+05:30  INFO 7099 --- [PatientManagementSystem] [restartedMain] com.zaxxer.hikari.HikariDataSource       : HikariPool-1 - Starting...
2025-01-27T17:28:44.673+05:30  INFO 7099 --- [PatientManagementSystem] [restartedMain] com.zaxxer.hikari.pool.HikariPool        : HikariPool-1 - Added connection org.postgresql.jdbc.PgConnection@45d867ec
2025-01-27T17:28:44.675+05:30  INFO 7099 --- [PatientManagementSystem] [restartedMain] com.zaxxer.hikari.HikariDataSource       : HikariPool-1 - Start completed.
2025-01-27T17:28:45.065+05:30  WARN 7099 --- [PatientManagementSystem] [restartedMain] org.hibernate.orm.deprecation            : HHH90000025: PostgreSQLDialect does not need to be specified explicitly using 'hibernate.dialect' (remove the property setting and it will be selected by default)
2025-01-27T17:28:45.589+05:30  INFO 7099 --- [PatientManagementSystem] [restartedMain] org.hibernate.orm.connections.pooling    : HHH10001005: Database info:
	Database JDBC URL [Connecting through datasource 'HikariDataSource (HikariPool-1)']
	Database driver: undefined/unknown
	Database version: 16.6
	Autocommit mode: undefined/unknown
	Isolation level: undefined/unknown
	Minimum pool size: undefined/unknown
	Maximum pool size: undefined/unknown
2025-01-27T17:28:46.037+05:30  INFO 7099 --- [PatientManagementSystem] [restartedMain] o.h.e.t.j.p.i.JtaPlatformInitiator       : HHH000489: No JTA platform available (set 'hibernate.transaction.jta.platform' to enable JTA platform integration)
2025-01-27T17:28:51.596+05:30  INFO 7099 --- [PatientManagementSystem] [restartedMain] j.LocalContainerEntityManagerFactoryBean : Initialized JPA EntityManagerFactory for persistence unit 'default'
2025-01-27T17:28:51.842+05:30  WARN 7099 --- [PatientManagementSystem] [restartedMain] JpaBaseConfiguration$JpaWebConfiguration : spring.jpa.open-in-view is enabled by default. Therefore, database queries may be performed during view rendering. Explicitly configure spring.jpa.open-in-view to disable this warning
2025-01-27T17:28:52.058+05:30  INFO 7099 --- [PatientManagementSystem] [restartedMain] o.s.b.d.a.OptionalLiveReloadServer       : LiveReload server is running on port 35729
2025-01-27T17:28:52.078+05:30  INFO 7099 --- [PatientManagementSystem] [restartedMain] o.s.b.w.embedded.tomcat.TomcatWebServer  : Tomcat started on port 8081 (http) with context path '/'
2025-01-27T17:28:52.084+05:30  INFO 7099 --- [PatientManagementSystem] [restartedMain] c.e.P.PatientManagementSystemApplication : Started PatientManagementSystemApplication in 11.43 seconds (process running for 11.694)
2025-01-27T17:29:05.199+05:30  INFO 7099 --- [PatientManagementSystem] [http-nio-8081-exec-1] o.a.c.c.C.[Tomcat].[localhost].[/]       : Initializing Spring DispatcherServlet 'dispatcherServlet'
2025-01-27T17:29:05.199+05:30  INFO 7099 --- [PatientManagementSystem] [http-nio-8081-exec-1] o.s.web.servlet.DispatcherServlet        : Initializing Servlet 'dispatcherServlet'
2025-01-27T17:29:05.200+05:30  INFO 7099 --- [PatientManagementSystem] [http-nio-8081-exec-1] o.s.web.servlet.DispatcherServlet        : Completed initialization in 1 ms
2025-01-27T17:29:05.616+05:30  INFO 7099 --- [PatientManagementSystem] [http-nio-8081-exec-4] o.springdoc.api.AbstractOpenApiResource  : Init duration for springdoc-openapi is: 301 ms
2025-01-27T17:50:08.086+05:30  WARN 7099 --- [PatientManagementSystem] [HikariPool-1 housekeeper] com.zaxxer.hikari.pool.HikariPool        : HikariPool-1 - Thread starvation or clock leap detected (housekeeper delta=18m53s285ms).
2025-01-27T17:59:58.879+05:30  WARN 7099 --- [PatientManagementSystem] [HikariPool-1 housekeeper] com.zaxxer.hikari.pool.HikariPool        : HikariPool-1 - Thread starvation or clock leap detected (housekeeper delta=9m50s794ms).
2025-01-27T18:15:12.656+05:30  INFO 7099 --- [PatientManagementSystem] [SpringApplicationShutdownHook] o.s.b.w.e.tomcat.GracefulShutdown        : Commencing graceful shutdown. Waiting for active requests to complete
2025-01-27T18:15:12.661+05:30  INFO 7099 --- [PatientManagementSystem] [tomcat-shutdown] o.s.b.w.e.tomcat.GracefulShutdown        : Graceful shutdown complete
2025-01-27T18:15:12.665+05:30  INFO 7099 --- [PatientManagementSystem] [SpringApplicationShutdownHook] j.LocalContainerEntityManagerFactoryBean : Closing JPA EntityManagerFactory for persistence unit 'default'
2025-01-27T18:15:12.668+05:30  INFO 7099 --- [PatientManagementSystem] [SpringApplicationShutdownHook] com.zaxxer.hikari.HikariDataSource       : HikariPool-1 - Shutdown initiated...
2025-01-27T18:15:22.675+05:30  WARN 7099 --- [PatientManagementSystem] [SpringApplicationShutdownHook] com.zaxxer.hikari.pool.HikariPool        : Timed-out waiting for close connection executor to shutdown
2025-01-27T18:15:22.678+05:30  INFO 7099 --- [PatientManagementSystem] [SpringApplicationShutdownHook] com.zaxxer.hikari.HikariDataSource       : HikariPool-1 - Shutdown completed.
2025-01-27T18:42:36.165+05:30  INFO 7915 --- [PatientManagementSystem] [restartedMain] c.e.P.PatientManagementSystemApplication : Starting PatientManagementSystemApplication using Java 23.0.1 with PID 7915 (/Users/hrishikeshrana/IdeaProjects/PatientManagementSystem/target/classes started by hrishikeshrana in /Users/hrishikeshrana/IdeaProjects/PatientManagementSystem)
2025-01-27T18:42:36.166+05:30 DEBUG 7915 --- [PatientManagementSystem] [restartedMain] c.e.P.PatientManagementSystemApplication : Running with Spring Boot v3.4.0, Spring v6.2.0
2025-01-27T18:42:36.167+05:30  INFO 7915 --- [PatientManagementSystem] [restartedMain] c.e.P.PatientManagementSystemApplication : No active profile set, falling back to 1 default profile: "default"
2025-01-27T18:42:36.201+05:30  INFO 7915 --- [PatientManagementSystem] [restartedMain] .e.DevToolsPropertyDefaultsPostProcessor : Devtools property defaults active! Set 'spring.devtools.add-properties' to 'false' to disable
2025-01-27T18:42:36.202+05:30  INFO 7915 --- [PatientManagementSystem] [restartedMain] .e.DevToolsPropertyDefaultsPostProcessor : For additional web related logging consider setting the 'logging.level.web' property to 'DEBUG'
2025-01-27T18:42:36.616+05:30  INFO 7915 --- [PatientManagementSystem] [restartedMain] .s.d.r.c.RepositoryConfigurationDelegate : Bootstrapping Spring Data JPA repositories in DEFAULT mode.
2025-01-27T18:42:36.647+05:30  INFO 7915 --- [PatientManagementSystem] [restartedMain] .s.d.r.c.RepositoryConfigurationDelegate : Finished Spring Data repository scanning in 26 ms. Found 5 JPA repository interfaces.
2025-01-27T18:42:36.930+05:30  INFO 7915 --- [PatientManagementSystem] [restartedMain] o.s.b.w.embedded.tomcat.TomcatWebServer  : Tomcat initialized with port 8081 (http)
2025-01-27T18:42:36.938+05:30  INFO 7915 --- [PatientManagementSystem] [restartedMain] o.apache.catalina.core.StandardService   : Starting service [Tomcat]
2025-01-27T18:42:36.938+05:30  INFO 7915 --- [PatientManagementSystem] [restartedMain] o.apache.catalina.core.StandardEngine    : Starting Servlet engine: [Apache Tomcat/10.1.33]
2025-01-27T18:42:36.957+05:30  INFO 7915 --- [PatientManagementSystem] [restartedMain] o.a.c.c.C.[Tomcat].[localhost].[/]       : Initializing Spring embedded WebApplicationContext
2025-01-27T18:42:36.958+05:30  INFO 7915 --- [PatientManagementSystem] [restartedMain] w.s.c.ServletWebServerApplicationContext : Root WebApplicationContext: initialization completed in 756 ms
2025-01-27T18:42:37.039+05:30  INFO 7915 --- [PatientManagementSystem] [restartedMain] o.hibernate.jpa.internal.util.LogHelper  : HHH000204: Processing PersistenceUnitInfo [name: default]
2025-01-27T18:42:37.065+05:30  INFO 7915 --- [PatientManagementSystem] [restartedMain] org.hibernate.Version                    : HHH000412: Hibernate ORM core version 6.6.2.Final
2025-01-27T18:42:37.080+05:30  INFO 7915 --- [PatientManagementSystem] [restartedMain] o.h.c.internal.RegionFactoryInitiator    : HHH000026: Second-level cache disabled
2025-01-27T18:42:37.216+05:30  INFO 7915 --- [PatientManagementSystem] [restartedMain] o.s.o.j.p.SpringPersistenceUnitInfo      : No LoadTimeWeaver setup: ignoring JPA class transformer
2025-01-27T18:42:37.229+05:30  INFO 7915 --- [PatientManagementSystem] [restartedMain] com.zaxxer.hikari.HikariDataSource       : HikariPool-1 - Starting...
2025-01-27T18:42:40.093+05:30  INFO 7915 --- [PatientManagementSystem] [restartedMain] com.zaxxer.hikari.pool.HikariPool        : HikariPool-1 - Added connection org.postgresql.jdbc.PgConnection@2fc8c840
2025-01-27T18:42:40.095+05:30  INFO 7915 --- [PatientManagementSystem] [restartedMain] com.zaxxer.hikari.HikariDataSource       : HikariPool-1 - Start completed.
2025-01-27T18:42:40.369+05:30  WARN 7915 --- [PatientManagementSystem] [restartedMain] org.hibernate.orm.deprecation            : HHH90000025: PostgreSQLDialect does not need to be specified explicitly using 'hibernate.dialect' (remove the property setting and it will be selected by default)
2025-01-27T18:42:40.903+05:30  INFO 7915 --- [PatientManagementSystem] [restartedMain] org.hibernate.orm.connections.pooling    : HHH10001005: Database info:
	Database JDBC URL [Connecting through datasource 'HikariDataSource (HikariPool-1)']
	Database driver: undefined/unknown
	Database version: 16.6
	Autocommit mode: undefined/unknown
	Isolation level: undefined/unknown
	Minimum pool size: undefined/unknown
	Maximum pool size: undefined/unknown
2025-01-27T18:42:41.382+05:30  INFO 7915 --- [PatientManagementSystem] [restartedMain] o.h.e.t.j.p.i.JtaPlatformInitiator       : HHH000489: No JTA platform available (set 'hibernate.transaction.jta.platform' to enable JTA platform integration)
2025-01-27T18:42:46.827+05:30  INFO 7915 --- [PatientManagementSystem] [restartedMain] j.LocalContainerEntityManagerFactoryBean : Initialized JPA EntityManagerFactory for persistence unit 'default'
2025-01-27T18:42:47.096+05:30  WARN 7915 --- [PatientManagementSystem] [restartedMain] JpaBaseConfiguration$JpaWebConfiguration : spring.jpa.open-in-view is enabled by default. Therefore, database queries may be performed during view rendering. Explicitly configure spring.jpa.open-in-view to disable this warning
2025-01-27T18:42:47.315+05:30  INFO 7915 --- [PatientManagementSystem] [restartedMain] o.s.b.d.a.OptionalLiveReloadServer       : LiveReload server is running on port 35729
2025-01-27T18:42:47.335+05:30  INFO 7915 --- [PatientManagementSystem] [restartedMain] o.s.b.w.embedded.tomcat.TomcatWebServer  : Tomcat started on port 8081 (http) with context path '/'
2025-01-27T18:42:47.342+05:30  INFO 7915 --- [PatientManagementSystem] [restartedMain] c.e.P.PatientManagementSystemApplication : Started PatientManagementSystemApplication in 11.429 seconds (process running for 11.688)
2025-01-27T18:42:50.586+05:30  INFO 7915 --- [PatientManagementSystem] [http-nio-8081-exec-1] o.a.c.c.C.[Tomcat].[localhost].[/]       : Initializing Spring DispatcherServlet 'dispatcherServlet'
2025-01-27T18:42:50.586+05:30  INFO 7915 --- [PatientManagementSystem] [http-nio-8081-exec-1] o.s.web.servlet.DispatcherServlet        : Initializing Servlet 'dispatcherServlet'
2025-01-27T18:42:50.587+05:30  INFO 7915 --- [PatientManagementSystem] [http-nio-8081-exec-1] o.s.web.servlet.DispatcherServlet        : Completed initialization in 1 ms
2025-01-27T18:42:51.043+05:30  INFO 7915 --- [PatientManagementSystem] [http-nio-8081-exec-4] o.springdoc.api.AbstractOpenApiResource  : Init duration for springdoc-openapi is: 307 ms
2025-01-27T18:48:46.560+05:30  INFO 7915 --- [PatientManagementSystem] [SpringApplicationShutdownHook] o.s.b.w.e.tomcat.GracefulShutdown        : Commencing graceful shutdown. Waiting for active requests to complete
2025-01-27T18:48:46.565+05:30  INFO 7915 --- [PatientManagementSystem] [tomcat-shutdown] o.s.b.w.e.tomcat.GracefulShutdown        : Graceful shutdown complete
2025-01-27T18:48:46.568+05:30  INFO 7915 --- [PatientManagementSystem] [SpringApplicationShutdownHook] j.LocalContainerEntityManagerFactoryBean : Closing JPA EntityManagerFactory for persistence unit 'default'
2025-01-27T18:48:46.570+05:30  INFO 7915 --- [PatientManagementSystem] [SpringApplicationShutdownHook] com.zaxxer.hikari.HikariDataSource       : HikariPool-1 - Shutdown initiated...
2025-01-27T18:48:49.322+05:30  INFO 7915 --- [PatientManagementSystem] [SpringApplicationShutdownHook] com.zaxxer.hikari.HikariDataSource       : HikariPool-1 - Shutdown completed.
2025-01-27T18:50:05.534+05:30  INFO 8075 --- [PatientManagementSystem] [restartedMain] c.e.P.PatientManagementSystemApplication : Starting PatientManagementSystemApplication using Java 23.0.1 with PID 8075 (/Users/hrishikeshrana/IdeaProjects/PatientManagementSystem/target/classes started by hrishikeshrana in /Users/hrishikeshrana/IdeaProjects/PatientManagementSystem)
2025-01-27T18:50:05.534+05:30 DEBUG 8075 --- [PatientManagementSystem] [restartedMain] c.e.P.PatientManagementSystemApplication : Running with Spring Boot v3.4.0, Spring v6.2.0
2025-01-27T18:50:05.535+05:30  INFO 8075 --- [PatientManagementSystem] [restartedMain] c.e.P.PatientManagementSystemApplication : No active profile set, falling back to 1 default profile: "default"
2025-01-27T18:50:05.568+05:30  INFO 8075 --- [PatientManagementSystem] [restartedMain] .e.DevToolsPropertyDefaultsPostProcessor : Devtools property defaults active! Set 'spring.devtools.add-properties' to 'false' to disable
2025-01-27T18:50:05.568+05:30  INFO 8075 --- [PatientManagementSystem] [restartedMain] .e.DevToolsPropertyDefaultsPostProcessor : For additional web related logging consider setting the 'logging.level.web' property to 'DEBUG'
2025-01-27T18:50:05.973+05:30  INFO 8075 --- [PatientManagementSystem] [restartedMain] .s.d.r.c.RepositoryConfigurationDelegate : Bootstrapping Spring Data JPA repositories in DEFAULT mode.
2025-01-27T18:50:06.003+05:30  INFO 8075 --- [PatientManagementSystem] [restartedMain] .s.d.r.c.RepositoryConfigurationDelegate : Finished Spring Data repository scanning in 26 ms. Found 5 JPA repository interfaces.
2025-01-27T18:50:06.282+05:30  INFO 8075 --- [PatientManagementSystem] [restartedMain] o.s.b.w.embedded.tomcat.TomcatWebServer  : Tomcat initialized with port 8081 (http)
2025-01-27T18:50:06.290+05:30  INFO 8075 --- [PatientManagementSystem] [restartedMain] o.apache.catalina.core.StandardService   : Starting service [Tomcat]
2025-01-27T18:50:06.290+05:30  INFO 8075 --- [PatientManagementSystem] [restartedMain] o.apache.catalina.core.StandardEngine    : Starting Servlet engine: [Apache Tomcat/10.1.33]
2025-01-27T18:50:06.308+05:30  INFO 8075 --- [PatientManagementSystem] [restartedMain] o.a.c.c.C.[Tomcat].[localhost].[/]       : Initializing Spring embedded WebApplicationContext
2025-01-27T18:50:06.309+05:30  INFO 8075 --- [PatientManagementSystem] [restartedMain] w.s.c.ServletWebServerApplicationContext : Root WebApplicationContext: initialization completed in 740 ms
2025-01-27T18:50:06.386+05:30  INFO 8075 --- [PatientManagementSystem] [restartedMain] o.hibernate.jpa.internal.util.LogHelper  : HHH000204: Processing PersistenceUnitInfo [name: default]
2025-01-27T18:50:06.412+05:30  INFO 8075 --- [PatientManagementSystem] [restartedMain] org.hibernate.Version                    : HHH000412: Hibernate ORM core version 6.6.2.Final
2025-01-27T18:50:06.425+05:30  INFO 8075 --- [PatientManagementSystem] [restartedMain] o.h.c.internal.RegionFactoryInitiator    : HHH000026: Second-level cache disabled
2025-01-27T18:50:06.550+05:30  INFO 8075 --- [PatientManagementSystem] [restartedMain] o.s.o.j.p.SpringPersistenceUnitInfo      : No LoadTimeWeaver setup: ignoring JPA class transformer
2025-01-27T18:50:06.564+05:30  INFO 8075 --- [PatientManagementSystem] [restartedMain] com.zaxxer.hikari.HikariDataSource       : HikariPool-1 - Starting...
2025-01-27T18:50:09.580+05:30  INFO 8075 --- [PatientManagementSystem] [restartedMain] com.zaxxer.hikari.pool.HikariPool        : HikariPool-1 - Added connection org.postgresql.jdbc.PgConnection@41929cf1
2025-01-27T18:50:09.584+05:30  INFO 8075 --- [PatientManagementSystem] [restartedMain] com.zaxxer.hikari.HikariDataSource       : HikariPool-1 - Start completed.
2025-01-27T18:50:09.861+05:30  WARN 8075 --- [PatientManagementSystem] [restartedMain] org.hibernate.orm.deprecation            : HHH90000025: PostgreSQLDialect does not need to be specified explicitly using 'hibernate.dialect' (remove the property setting and it will be selected by default)
2025-01-27T18:50:10.428+05:30  INFO 8075 --- [PatientManagementSystem] [restartedMain] org.hibernate.orm.connections.pooling    : HHH10001005: Database info:
	Database JDBC URL [Connecting through datasource 'HikariDataSource (HikariPool-1)']
	Database driver: undefined/unknown
	Database version: 16.6
	Autocommit mode: undefined/unknown
	Isolation level: undefined/unknown
	Minimum pool size: undefined/unknown
	Maximum pool size: undefined/unknown
2025-01-27T18:50:10.897+05:30  INFO 8075 --- [PatientManagementSystem] [restartedMain] o.h.e.t.j.p.i.JtaPlatformInitiator       : HHH000489: No JTA platform available (set 'hibernate.transaction.jta.platform' to enable JTA platform integration)
2025-01-27T18:50:16.849+05:30  INFO 8075 --- [PatientManagementSystem] [restartedMain] j.LocalContainerEntityManagerFactoryBean : Initialized JPA EntityManagerFactory for persistence unit 'default'
2025-01-27T18:50:17.097+05:30  WARN 8075 --- [PatientManagementSystem] [restartedMain] JpaBaseConfiguration$JpaWebConfiguration : spring.jpa.open-in-view is enabled by default. Therefore, database queries may be performed during view rendering. Explicitly configure spring.jpa.open-in-view to disable this warning
2025-01-27T18:50:17.325+05:30  INFO 8075 --- [PatientManagementSystem] [restartedMain] o.s.b.d.a.OptionalLiveReloadServer       : LiveReload server is running on port 35729
2025-01-27T18:50:17.347+05:30  INFO 8075 --- [PatientManagementSystem] [restartedMain] o.s.b.w.embedded.tomcat.TomcatWebServer  : Tomcat started on port 8081 (http) with context path '/'
2025-01-27T18:50:17.356+05:30  INFO 8075 --- [PatientManagementSystem] [restartedMain] c.e.P.PatientManagementSystemApplication : Started PatientManagementSystemApplication in 12.073 seconds (process running for 12.322)
2025-01-27T18:50:26.665+05:30  INFO 8075 --- [PatientManagementSystem] [http-nio-8081-exec-1] o.a.c.c.C.[Tomcat].[localhost].[/]       : Initializing Spring DispatcherServlet 'dispatcherServlet'
2025-01-27T18:50:26.666+05:30  INFO 8075 --- [PatientManagementSystem] [http-nio-8081-exec-1] o.s.web.servlet.DispatcherServlet        : Initializing Servlet 'dispatcherServlet'
2025-01-27T18:50:26.667+05:30  INFO 8075 --- [PatientManagementSystem] [http-nio-8081-exec-1] o.s.web.servlet.DispatcherServlet        : Completed initialization in 1 ms
2025-01-27T18:50:27.133+05:30  INFO 8075 --- [PatientManagementSystem] [http-nio-8081-exec-4] o.springdoc.api.AbstractOpenApiResource  : Init duration for springdoc-openapi is: 315 ms
2025-01-27T18:53:25.115+05:30  INFO 8075 --- [PatientManagementSystem] [SpringApplicationShutdownHook] o.s.b.w.e.tomcat.GracefulShutdown        : Commencing graceful shutdown. Waiting for active requests to complete
2025-01-27T18:53:25.119+05:30  INFO 8075 --- [PatientManagementSystem] [tomcat-shutdown] o.s.b.w.e.tomcat.GracefulShutdown        : Graceful shutdown complete
2025-01-27T18:53:25.122+05:30  INFO 8075 --- [PatientManagementSystem] [SpringApplicationShutdownHook] j.LocalContainerEntityManagerFactoryBean : Closing JPA EntityManagerFactory for persistence unit 'default'
2025-01-27T18:53:25.124+05:30  INFO 8075 --- [PatientManagementSystem] [SpringApplicationShutdownHook] com.zaxxer.hikari.HikariDataSource       : HikariPool-1 - Shutdown initiated...
2025-01-27T18:53:27.528+05:30  INFO 8075 --- [PatientManagementSystem] [SpringApplicationShutdownHook] com.zaxxer.hikari.HikariDataSource       : HikariPool-1 - Shutdown completed.
2025-01-27T18:53:29.509+05:30  INFO 8130 --- [PatientManagementSystem] [restartedMain] c.e.P.PatientManagementSystemApplication : Starting PatientManagementSystemApplication using Java 23.0.1 with PID 8130 (/Users/hrishikeshrana/IdeaProjects/PatientManagementSystem/target/classes started by hrishikeshrana in /Users/hrishikeshrana/IdeaProjects/PatientManagementSystem)
2025-01-27T18:53:29.509+05:30 DEBUG 8130 --- [PatientManagementSystem] [restartedMain] c.e.P.PatientManagementSystemApplication : Running with Spring Boot v3.4.0, Spring v6.2.0
2025-01-27T18:53:29.510+05:30  INFO 8130 --- [PatientManagementSystem] [restartedMain] c.e.P.PatientManagementSystemApplication : No active profile set, falling back to 1 default profile: "default"
2025-01-27T18:53:29.545+05:30  INFO 8130 --- [PatientManagementSystem] [restartedMain] .e.DevToolsPropertyDefaultsPostProcessor : Devtools property defaults active! Set 'spring.devtools.add-properties' to 'false' to disable
2025-01-27T18:53:29.545+05:30  INFO 8130 --- [PatientManagementSystem] [restartedMain] .e.DevToolsPropertyDefaultsPostProcessor : For additional web related logging consider setting the 'logging.level.web' property to 'DEBUG'
2025-01-27T18:53:29.997+05:30  INFO 8130 --- [PatientManagementSystem] [restartedMain] .s.d.r.c.RepositoryConfigurationDelegate : Bootstrapping Spring Data JPA repositories in DEFAULT mode.
2025-01-27T18:53:30.031+05:30  INFO 8130 --- [PatientManagementSystem] [restartedMain] .s.d.r.c.RepositoryConfigurationDelegate : Finished Spring Data repository scanning in 29 ms. Found 5 JPA repository interfaces.
2025-01-27T18:53:30.333+05:30  INFO 8130 --- [PatientManagementSystem] [restartedMain] o.s.b.w.embedded.tomcat.TomcatWebServer  : Tomcat initialized with port 8081 (http)
2025-01-27T18:53:30.342+05:30  INFO 8130 --- [PatientManagementSystem] [restartedMain] o.apache.catalina.core.StandardService   : Starting service [Tomcat]
2025-01-27T18:53:30.343+05:30  INFO 8130 --- [PatientManagementSystem] [restartedMain] o.apache.catalina.core.StandardEngine    : Starting Servlet engine: [Apache Tomcat/10.1.33]
2025-01-27T18:53:30.367+05:30  INFO 8130 --- [PatientManagementSystem] [restartedMain] o.a.c.c.C.[Tomcat].[localhost].[/]       : Initializing Spring embedded WebApplicationContext
2025-01-27T18:53:30.367+05:30  INFO 8130 --- [PatientManagementSystem] [restartedMain] w.s.c.ServletWebServerApplicationContext : Root WebApplicationContext: initialization completed in 822 ms
2025-01-27T18:53:30.443+05:30  INFO 8130 --- [PatientManagementSystem] [restartedMain] o.hibernate.jpa.internal.util.LogHelper  : HHH000204: Processing PersistenceUnitInfo [name: default]
2025-01-27T18:53:30.471+05:30  INFO 8130 --- [PatientManagementSystem] [restartedMain] org.hibernate.Version                    : HHH000412: Hibernate ORM core version 6.6.2.Final
2025-01-27T18:53:30.485+05:30  INFO 8130 --- [PatientManagementSystem] [restartedMain] o.h.c.internal.RegionFactoryInitiator    : HHH000026: Second-level cache disabled
2025-01-27T18:53:30.621+05:30  INFO 8130 --- [PatientManagementSystem] [restartedMain] o.s.o.j.p.SpringPersistenceUnitInfo      : No LoadTimeWeaver setup: ignoring JPA class transformer
2025-01-27T18:53:30.635+05:30  INFO 8130 --- [PatientManagementSystem] [restartedMain] com.zaxxer.hikari.HikariDataSource       : HikariPool-1 - Starting...
2025-01-27T18:53:33.383+05:30  INFO 8130 --- [PatientManagementSystem] [restartedMain] com.zaxxer.hikari.pool.HikariPool        : HikariPool-1 - Added connection org.postgresql.jdbc.PgConnection@2bfe5c9f
2025-01-27T18:53:33.385+05:30  INFO 8130 --- [PatientManagementSystem] [restartedMain] com.zaxxer.hikari.HikariDataSource       : HikariPool-1 - Start completed.
2025-01-27T18:53:33.681+05:30  WARN 8130 --- [PatientManagementSystem] [restartedMain] org.hibernate.orm.deprecation            : HHH90000025: PostgreSQLDialect does not need to be specified explicitly using 'hibernate.dialect' (remove the property setting and it will be selected by default)
2025-01-27T18:53:34.223+05:30  INFO 8130 --- [PatientManagementSystem] [restartedMain] org.hibernate.orm.connections.pooling    : HHH10001005: Database info:
	Database JDBC URL [Connecting through datasource 'HikariDataSource (HikariPool-1)']
	Database driver: undefined/unknown
	Database version: 16.6
	Autocommit mode: undefined/unknown
	Isolation level: undefined/unknown
	Minimum pool size: undefined/unknown
	Maximum pool size: undefined/unknown
2025-01-27T18:53:34.683+05:30  INFO 8130 --- [PatientManagementSystem] [restartedMain] o.h.e.t.j.p.i.JtaPlatformInitiator       : HHH000489: No JTA platform available (set 'hibernate.transaction.jta.platform' to enable JTA platform integration)
2025-01-27T18:53:40.737+05:30  INFO 8130 --- [PatientManagementSystem] [restartedMain] j.LocalContainerEntityManagerFactoryBean : Initialized JPA EntityManagerFactory for persistence unit 'default'
2025-01-27T18:53:40.975+05:30  WARN 8130 --- [PatientManagementSystem] [restartedMain] JpaBaseConfiguration$JpaWebConfiguration : spring.jpa.open-in-view is enabled by default. Therefore, database queries may be performed during view rendering. Explicitly configure spring.jpa.open-in-view to disable this warning
2025-01-27T18:53:41.188+05:30  INFO 8130 --- [PatientManagementSystem] [restartedMain] o.s.b.d.a.OptionalLiveReloadServer       : LiveReload server is running on port 35729
2025-01-27T18:53:41.209+05:30  INFO 8130 --- [PatientManagementSystem] [restartedMain] o.s.b.w.embedded.tomcat.TomcatWebServer  : Tomcat started on port 8081 (http) with context path '/'
2025-01-27T18:53:41.215+05:30  INFO 8130 --- [PatientManagementSystem] [restartedMain] c.e.P.PatientManagementSystemApplication : Started PatientManagementSystemApplication in 11.967 seconds (process running for 12.225)
2025-01-27T18:54:11.472+05:30  INFO 8130 --- [PatientManagementSystem] [http-nio-8081-exec-1] o.a.c.c.C.[Tomcat].[localhost].[/]       : Initializing Spring DispatcherServlet 'dispatcherServlet'
2025-01-27T18:54:11.472+05:30  INFO 8130 --- [PatientManagementSystem] [http-nio-8081-exec-1] o.s.web.servlet.DispatcherServlet        : Initializing Servlet 'dispatcherServlet'
2025-01-27T18:54:11.473+05:30  INFO 8130 --- [PatientManagementSystem] [http-nio-8081-exec-1] o.s.web.servlet.DispatcherServlet        : Completed initialization in 1 ms
2025-01-27T18:54:11.923+05:30  INFO 8130 --- [PatientManagementSystem] [http-nio-8081-exec-4] o.springdoc.api.AbstractOpenApiResource  : Init duration for springdoc-openapi is: 310 ms
2025-01-27T18:56:01.711+05:30  INFO 8130 --- [PatientManagementSystem] [SpringApplicationShutdownHook] o.s.b.w.e.tomcat.GracefulShutdown        : Commencing graceful shutdown. Waiting for active requests to complete
2025-01-27T18:56:01.716+05:30  INFO 8130 --- [PatientManagementSystem] [tomcat-shutdown] o.s.b.w.e.tomcat.GracefulShutdown        : Graceful shutdown complete
2025-01-27T18:56:01.718+05:30  INFO 8130 --- [PatientManagementSystem] [SpringApplicationShutdownHook] j.LocalContainerEntityManagerFactoryBean : Closing JPA EntityManagerFactory for persistence unit 'default'
2025-01-27T18:56:01.721+05:30  INFO 8130 --- [PatientManagementSystem] [SpringApplicationShutdownHook] com.zaxxer.hikari.HikariDataSource       : HikariPool-1 - Shutdown initiated...
2025-01-27T18:56:04.699+05:30  INFO 8130 --- [PatientManagementSystem] [SpringApplicationShutdownHook] com.zaxxer.hikari.HikariDataSource       : HikariPool-1 - Shutdown completed.
